Determining if the pthread_create exist failed with the following output:
Change Dir: /home/daaa/udprog-code1/source/robotauto/elotanulmanyok/OpenStreetMap/KTDavid/routing/build/CMakeFiles/CMakeTmp

Run Build Command:/usr/bin/make "cmTryCompileExec1000489361/fast"
/usr/bin/make -f CMakeFiles/cmTryCompileExec1000489361.dir/build.make CMakeFiles/cmTryCompileExec1000489361.dir/build
make[1]: Entering directory `/home/daaa/udprog-code1/source/robotauto/elotanulmanyok/OpenStreetMap/KTDavid/routing/build/CMakeFiles/CMakeTmp'
/usr/bin/cmake -E cmake_progress_report /home/daaa/udprog-code1/source/robotauto/elotanulmanyok/OpenStreetMap/KTDavid/routing/build/CMakeFiles/CMakeTmp/CMakeFiles 1
Building C object CMakeFiles/cmTryCompileExec1000489361.dir/CheckSymbolExists.c.o
/usr/bin/cc    -o CMakeFiles/cmTryCompileExec1000489361.dir/CheckSymbolExists.c.o   -c /home/daaa/udprog-code1/source/robotauto/elotanulmanyok/OpenStreetMap/KTDavid/routing/build/CMakeFiles/CMakeTmp/CheckSymbolExists.c
Linking C executable cmTryCompileExec1000489361
/usr/bin/cmake -E cmake_link_script CMakeFiles/cmTryCompileExec1000489361.dir/link.txt --verbose=1
/usr/bin/cc       CMakeFiles/cmTryCompileExec1000489361.dir/CheckSymbolExists.c.o  -o cmTryCompileExec1000489361 -rdynamic 
CMakeFiles/cmTryCompileExec1000489361.dir/CheckSymbolExists.c.o: In function `main':
CheckSymbolExists.c:(.text+0x16): undefined reference to `pthread_create'
collect2: error: ld returned 1 exit status
make[1]: *** [cmTryCompileExec1000489361] Error 1
make[1]: Leaving directory `/home/daaa/udprog-code1/source/robotauto/elotanulmanyok/OpenStreetMap/KTDavid/routing/build/CMakeFiles/CMakeTmp'
make: *** [cmTryCompileExec1000489361/fast] Error 2

File /home/daaa/udprog-code1/source/robotauto/elotanulmanyok/OpenStreetMap/KTDavid/routing/build/CMakeFiles/CMakeTmp/CheckSymbolExists.c:
/* */
#include <pthread.h>

int main(int argc, char** argv)
{
  (void)argv;
#ifndef pthread_create
  return ((int*)(&pthread_create))[argc];
#else
  (void)argc;
  return 0;
#endif
}

Determining if the function pthread_create exists in the pthreads failed with the following output:
Change Dir: /home/daaa/udprog-code1/source/robotauto/elotanulmanyok/OpenStreetMap/KTDavid/routing/build/CMakeFiles/CMakeTmp

Run Build Command:/usr/bin/make "cmTryCompileExec389475320/fast"
/usr/bin/make -f CMakeFiles/cmTryCompileExec389475320.dir/build.make CMakeFiles/cmTryCompileExec389475320.dir/build
make[1]: Entering directory `/home/daaa/udprog-code1/source/robotauto/elotanulmanyok/OpenStreetMap/KTDavid/routing/build/CMakeFiles/CMakeTmp'
/usr/bin/cmake -E cmake_progress_report /home/daaa/udprog-code1/source/robotauto/elotanulmanyok/OpenStreetMap/KTDavid/routing/build/CMakeFiles/CMakeTmp/CMakeFiles 1
Building C object CMakeFiles/cmTryCompileExec389475320.dir/CheckFunctionExists.c.o
/usr/bin/cc   -DCHECK_FUNCTION_EXISTS=pthread_create   -o CMakeFiles/cmTryCompileExec389475320.dir/CheckFunctionExists.c.o   -c /usr/share/cmake-2.8/Modules/CheckFunctionExists.c
Linking C executable cmTryCompileExec389475320
/usr/bin/cmake -E cmake_link_script CMakeFiles/cmTryCompileExec389475320.dir/link.txt --verbose=1
/usr/bin/cc   -DCHECK_FUNCTION_EXISTS=pthread_create    CMakeFiles/cmTryCompileExec389475320.dir/CheckFunctionExists.c.o  -o cmTryCompileExec389475320 -rdynamic -lpthreads 
/usr/bin/ld: cannot find -lpthreads
collect2: error: ld returned 1 exit status
make[1]: *** [cmTryCompileExec389475320] Error 1
make[1]: Leaving directory `/home/daaa/udprog-code1/source/robotauto/elotanulmanyok/OpenStreetMap/KTDavid/routing/build/CMakeFiles/CMakeTmp'
make: *** [cmTryCompileExec389475320/fast] Error 2


